[2022-03-25 07:57:43] production.ERROR: Attribute [eResource] does not exist. {"exception":"[object] (InvalidArgumentException(code: 0): Attribute [eResource] does not exist. at C:\\wamp64\\www\\github\\CreatePhoto\\vendor\\laravel\\framework\\src\\Illuminate\\Routing\\RouteRegistrar.php:93)
[stacktrace]
#0 C:\\wamp64\\www\\github\\CreatePhoto\\vendor\\laravel\\framework\\src\\Illuminate\\Routing\\Router.php(1316): Illuminate\\Routing\\RouteRegistrar->attribute('eResource', 'coupons')
#1 C:\\wamp64\\www\\github\\CreatePhoto\\vendor\\laravel\\framework\\src\\Illuminate\\Support\\Facades\\Facade.php(261): Illuminate\\Routing\\Router->__call('eResource', Array)
#2 C:\\wamp64\\www\\github\\CreatePhoto\\plugins\\sbhadra\\coupons\\src\outes\\admin.php(15): Illuminate\\Support\\Facades\\Facade::__callStatic('eResource', Array)
#3 C:\\wamp64\\www\\github\\CreatePhoto\\vendor\\laravel\\framework\\src\\Illuminate\\Routing\\RouteFileRegistrar.php(35): require('C:\\\\wamp64\\\\www\\\\g...')
#4 C:\\wamp64\\www\\github\\CreatePhoto\\vendor\\laravel\\framework\\src\\Illuminate\\Routing\\Router.php(416): Illuminate\\Routing\\RouteFileRegistrar->register('C:\\\\wamp64\\\\www\\\\g...')
#5 C:\\wamp64\\www\\github\\CreatePhoto\\vendor\\laravel\\framework\\src\\Illuminate\\Routing\\Router.php(374): Illuminate\\Routing\\Router->loadRoutes('C:\\\\wamp64\\\\www\\\\g...')
#6 C:\\wamp64\\www\\github\\CreatePhoto\\vendor\\laravel\\framework\\src\\Illuminate\\Routing\\RouteRegistrar.php(122): Illuminate\\Routing\\Router->group(Array, 'C:\\\\wamp64\\\\www\\\\g...')
#7 C:\\wamp64\\www\\github\\CreatePhoto\\vendor\\juzaweb\\cms\\src\\Providers\\AutoloadServiceProvider.php(113): Illuminate\\Routing\\RouteRegistrar->group('C:\\\\wamp64\\\\www\\\\g...')
#8 C:\\wamp64\\www\\github\\CreatePhoto\\vendor\\juzaweb\\cms\\src\\Providers\\AutoloadServiceProvider.php(72): Juzaweb\\Providers\\AutoloadServiceProvider->registerRoute('C:\\\\wamp64\\\\www\\\\g...', 'Sbhadra\\\\Coupons...')
#9 C:\\wamp64\\www\\github\\CreatePhoto\\vendor\\juzaweb\\cms\\src\\Providers\\AutoloadServiceProvider.php(63): Juzaweb\\Providers\\AutoloadServiceProvider->registerPlugin('C:\\\\wamp64\\\\www\\\\g...', 'Sbhadra\\\\Coupons...')
#10 C:\\wamp64\\www\\github\\CreatePhoto\\vendor\\laravel\\framework\\src\\Illuminate\\Foundation\\Application.php(616): Juzaweb\\Providers\\AutoloadServiceProvider->register()
#11 C:\\wamp64\\www\\github\\CreatePhoto\\vendor\\juzaweb\\cms\\src\\Abstracts\\PluginServiceProvider.php(53): Illuminate\\Foundation\\Application->register(Object(Juzaweb\\Providers\\AutoloadServiceProvider))
#12 C:\\wamp64\\www\\github\\CreatePhoto\\vendor\\juzaweb\\cms\\src\\Providers\\PluginServiceProvider.php(31): Juzaweb\\Abstracts\\PluginServiceProvider->registerProviders()
#13 C:\\wamp64\\www\\github\\CreatePhoto\\vendor\\laravel\\framework\\src\\Illuminate\\Foundation\\Application.php(616): Juzaweb\\Providers\\PluginServiceProvider->register()
#14 C:\\wamp64\\www\\github\\CreatePhoto\\vendor\\juzaweb\\cms\\src\\Providers\\CmsServiceProvider.php(36): Illuminate\\Foundation\\Application->register(Object(Juzaweb\\Providers\\PluginServiceProvider))
#15 C:\\wamp64\\www\\github\\CreatePhoto\\vendor\\juzaweb\\cms\\src\\Providers\\CmsServiceProvider.php(19): Juzaweb\\Providers\\CmsServiceProvider->registerProviders()
#16 C:\\wamp64\\www\\github\\CreatePhoto\\vendor\\laravel\\framework\\src\\Illuminate\\Foundation\\Application.php(616): Juzaweb\\Providers\\CmsServiceProvider->register()
#17 C:\\wamp64\\www\\github\\CreatePhoto\\vendor\\laravel\\framework\\src\\Illuminate\\Foundation\\ProviderRepository.php(75): Illuminate\\Foundation\\Application->register(Object(Juzaweb\\Providers\\CmsServiceProvider))
#18 C:\\wamp64\\www\\github\\CreatePhoto\\vendor\\laravel\\framework\\src\\Illuminate\\Foundation\\Application.php(593): Illuminate\\Foundation\\ProviderRepository->load(Array)
#19 C:\\wamp64\\www\\github\\CreatePhoto\\vendor\\laravel\\framework\\src\\Illuminate\\Foundation\\Bootstrap\\RegisterProviders.php(17): Illuminate\\Foundation\\Application->registerConfiguredProviders()
#20 C:\\wamp64\\www\\github\\CreatePhoto\\vendor\\laravel\\framework\\src\\Illuminate\\Foundation\\Application.php(219): Illuminate\\Foundation\\Bootstrap\\RegisterProviders->bootstrap(Object(Illuminate\\Foundation\\Application))
#21 C:\\wamp64\\www\\github\\CreatePhoto\\vendor\\laravel\\framework\\src\\Illuminate\\Foundation\\Http\\Kernel.php(156): Illuminate\\Foundation\\Application->bootstrapWith(Array)
#22 C:\\wamp64\\www\\github\\CreatePhoto\\vendor\\laravel\\framework\\src\\Illuminate\\Foundation\\Http\\Kernel.php(140): Illuminate\\Foundation\\Http\\Kernel->bootstrap()
#23 C:\\wamp64\\www\\github\\CreatePhoto\\vendor\\laravel\\framework\\src\\Illuminate\\Foundation\\Http\\Kernel.php(110): Illuminate\\Foundation\\Http\\Kernel->sendRequestThroughRouter(Object(Illuminate\\Http\\Request))
#24 C:\\wamp64\\www\\github\\CreatePhoto\\public\\index.php(70): Illuminate\\Foundation\\Http\\Kernel->handle(Object(Illuminate\\Http\\Request))
#25 C:\\wamp64\\www\\github\\CreatePhoto\\server.php(24): require_once('C:\\\\wamp64\\\\www\\\\g...')
#26 {main}
"} 
[2022-03-25 07:57:43] production.ERROR: Target class [translator] does not exist. (View: C:\wamp64\www\github\CreatePhoto\vendor\laravel\framework\src\Illuminate\Foundation\Exceptions\views\500.blade.php) {"exception":"[object] (Illuminate\\View\\ViewException(code: 0): Target class [translator] does not exist. (View: C:\\wamp64\\www\\github\\CreatePhoto\\vendor\\laravel\\framework\\src\\Illuminate\\Foundation\\Exceptions\\views\\500.blade.php) at C:\\wamp64\\www\\github\\CreatePhoto\\vendor\\laravel\\framework\\src\\Illuminate\\Container\\Container.php:805)
[stacktrace]
#0 C:\\wamp64\\www\\github\\CreatePhoto\\vendor\\laravel\\framework\\src\\Illuminate\\View\\Engines\\PhpEngine.php(45): Illuminate\\View\\Engines\\CompilerEngine->handleViewException(Object(Illuminate\\Contracts\\Container\\BindingResolutionException), 1)
#1 C:\\wamp64\\www\\github\\CreatePhoto\\vendor\\laravel\\framework\\src\\Illuminate\\View\\Engines\\CompilerEngine.php(59): Illuminate\\View\\Engines\\PhpEngine->evaluatePath('C:\\\\wamp64\\\\www\\\\g...', Array)
#2 C:\\wamp64\\www\\github\\CreatePhoto\\vendor\\laravel\\framework\\src\\Illuminate\\View\\View.php(143): Illuminate\\View\\Engines\\CompilerEngine->get('C:\\\\wamp64\\\\www\\\\g...', Array)
#3 C:\\wamp64\\www\\github\\CreatePhoto\\vendor\\laravel\\framework\\src\\Illuminate\\View\\View.php(126): Illuminate\\View\\View->getContents()
#4 C:\\wamp64\\www\\github\\CreatePhoto\\vendor\\laravel\\framework\\src\\Illuminate\\View\\View.php(91): Illuminate\\View\\View->renderContents()
#5 C:\\wamp64\\www\\github\\CreatePhoto\\vendor\\laravel\\framework\\src\\Illuminate\\Http\\Response.php(42): Illuminate\\View\\View->render()
#6 C:\\wamp64\\www\\github\\CreatePhoto\\vendor\\symfony\\http-foundation\\Response.php(205): Illuminate\\Http\\Response->setContent(Object(Illuminate\\View\\View))
#7 C:\\wamp64\\www\\github\\CreatePhoto\\vendor\\laravel\\framework\\src\\Illuminate\\Routing\\ResponseFactory.php(55): Symfony\\Component\\HttpFoundation\\Response->__construct(Object(Illuminate\\View\\View), 500, Array)
#8 C:\\wamp64\\www\\github\\CreatePhoto\\vendor\\laravel\\framework\\src\\Illuminate\\Routing\\ResponseFactory.php(85): Illuminate\\Routing\\ResponseFactory->make(Object(Illuminate\\View\\View), 500, Array)
#9 C:\\wamp64\\www\\github\\CreatePhoto\\vendor\\laravel\\framework\\src\\Illuminate\\Foundation\\Exceptions\\Handler.php(410): Illuminate\\Routing\\ResponseFactory->view('errors::500', Array, 500, Array)
#10 C:\\wamp64\\www\\github\\CreatePhoto\\vendor\\laravel\\framework\\src\\Illuminate\\Foundation\\Exceptions\\Handler.php(315): Illuminate\\Foundation\\Exceptions\\Handler->renderHttpException(Object(Symfony\\Component\\HttpKernel\\Exception\\HttpException))
#11 C:\\wamp64\\www\\github\\CreatePhoto\\vendor\\laravel\\framework\\src\\Illuminate\\Foundation\\Exceptions\\Handler.php(212): Illuminate\\Foundation\\Exceptions\\Handler->prepareResponse(Object(Illuminate\\Http\\Request), Object(Symfony\\Component\\HttpKernel\\Exception\\HttpException))
#12 C:\\wamp64\\www\\github\\CreatePhoto\\vendor\\juzaweb\\cms\\src\\Exceptions\\Handler.php(64): Illuminate\\Foundation\\Exceptions\\Handler->render(Object(Illuminate\\Http\\Request), Object(InvalidArgumentException))
#13 C:\\wamp64\\www\\github\\CreatePhoto\\vendor\\laravel\\framework\\src\\Illuminate\\Foundation\\Http\\Kernel.php(420): Juzaweb\\Exceptions\\Handler->render(Object(Illuminate\\Http\\Request), Object(InvalidArgumentException))
#14 C:\\wamp64\\www\\github\\CreatePhoto\\vendor\\laravel\\framework\\src\\Illuminate\\Foundation\\Http\\Kernel.php(114): Illuminate\\Foundation\\Http\\Kernel->renderException(Object(Illuminate\\Http\\Request), Object(InvalidArgumentException))
#15 C:\\wamp64\\www\\github\\CreatePhoto\\public\\index.php(70): Illuminate\\Foundation\\Http\\Kernel->handle(Object(Illuminate\\Http\\Request))
#16 C:\\wamp64\\www\\github\\CreatePhoto\\server.php(24): require_once('C:\\\\wamp64\\\\www\\\\g...')
#17 {main}

[previous exception] [object] (Illuminate\\Contracts\\Container\\BindingResolutionException(code: 0): Target class [translator] does not exist. at C:\\wamp64\\www\\github\\CreatePhoto\\vendor\\laravel\\framework\\src\\Illuminate\\Container\\Container.php:805)
[stacktrace]
#0 C:\\wamp64\\www\\github\\CreatePhoto\\vendor\\laravel\\framework\\src\\Illuminate\\Container\\Container.php(681): Illuminate\\Container\\Container->build('translator')
#1 C:\\wamp64\\www\\github\\CreatePhoto\\vendor\\laravel\\framework\\src\\Illuminate\\Foundation\\Application.php(785): Illuminate\\Container\\Container->resolve('translator', Array, true)
#2 C:\\wamp64\\www\\github\\CreatePhoto\\vendor\\laravel\\framework\\src\\Illuminate\\Container\\Container.php(629): Illuminate\\Foundation\\Application->resolve('translator', Array)
#3 C:\\wamp64\\www\\github\\CreatePhoto\\vendor\\laravel\\framework\\src\\Illuminate\\Foundation\\Application.php(770): Illuminate\\Container\\Container->make('translator', Array)
#4 C:\\wamp64\\www\\github\\CreatePhoto\\vendor\\laravel\\framework\\src\\Illuminate\\Foundation\\helpers.php(120): Illuminate\\Foundation\\Application->make('translator', Array)
#5 C:\\wamp64\\www\\github\\CreatePhoto\\vendor\\laravel\\framework\\src\\Illuminate\\Foundation\\helpers.php(873): app('translator')
#6 C:\\wamp64\\www\\github\\CreatePhoto\\vendor\\laravel\\framework\\src\\Illuminate\\Foundation\\helpers.php(908): trans('Server Error', Array, NULL)
#7 C:\\wamp64\\www\\github\\CreatePhoto\\storage\\framework\\views\\7ad9b122927dde3b692b6a55ecd27b3bbe1a3557.php(1): __('Server Error')
#8 C:\\wamp64\\www\\github\\CreatePhoto\\vendor\\laravel\\framework\\src\\Illuminate\\View\\Engines\\PhpEngine.php(43): include('C:\\\\wamp64\\\\www\\\\g...')
#9 C:\\wamp64\\www\\github\\CreatePhoto\\vendor\\laravel\\framework\\src\\Illuminate\\View\\Engines\\CompilerEngine.php(59): Illuminate\\View\\Engines\\PhpEngine->evaluatePath('C:\\\\wamp64\\\\www\\\\g...', Array)
#10 C:\\wamp64\\www\\github\\CreatePhoto\\vendor\\laravel\\framework\\src\\Illuminate\\View\\View.php(143): Illuminate\\View\\Engines\\CompilerEngine->get('C:\\\\wamp64\\\\www\\\\g...', Array)
#11 C:\\wamp64\\www\\github\\CreatePhoto\\vendor\\laravel\\framework\\src\\Illuminate\\View\\View.php(126): Illuminate\\View\\View->getContents()
#12 C:\\wamp64\\www\\github\\CreatePhoto\\vendor\\laravel\\framework\\src\\Illuminate\\View\\View.php(91): Illuminate\\View\\View->renderContents()
#13 C:\\wamp64\\www\\github\\CreatePhoto\\vendor\\laravel\\framework\\src\\Illuminate\\Http\\Response.php(42): Illuminate\\View\\View->render()
#14 C:\\wamp64\\www\\github\\CreatePhoto\\vendor\\symfony\\http-foundation\\Response.php(205): Illuminate\\Http\\Response->setContent(Object(Illuminate\\View\\View))
#15 C:\\wamp64\\www\\github\\CreatePhoto\\vendor\\laravel\\framework\\src\\Illuminate\\Routing\\ResponseFactory.php(55): Symfony\\Component\\HttpFoundation\\Response->__construct(Object(Illuminate\\View\\View), 500, Array)
#16 C:\\wamp64\\www\\github\\CreatePhoto\\vendor\\laravel\\framework\\src\\Illuminate\\Routing\\ResponseFactory.php(85): Illuminate\\Routing\\ResponseFactory->make(Object(Illuminate\\View\\View), 500, Array)
#17 C:\\wamp64\\www\\github\\CreatePhoto\\vendor\\laravel\\framework\\src\\Illuminate\\Foundation\\Exceptions\\Handler.php(410): Illuminate\\Routing\\ResponseFactory->view('errors::500', Array, 500, Array)
#18 C:\\wamp64\\www\\github\\CreatePhoto\\vendor\\laravel\\framework\\src\\Illuminate\\Foundation\\Exceptions\\Handler.php(315): Illuminate\\Foundation\\Exceptions\\Handler->renderHttpException(Object(Symfony\\Component\\HttpKernel\\Exception\\HttpException))
#19 C:\\wamp64\\www\\github\\CreatePhoto\\vendor\\laravel\\framework\\src\\Illuminate\\Foundation\\Exceptions\\Handler.php(212): Illuminate\\Foundation\\Exceptions\\Handler->prepareResponse(Object(Illuminate\\Http\\Request), Object(Symfony\\Component\\HttpKernel\\Exception\\HttpException))
#20 C:\\wamp64\\www\\github\\CreatePhoto\\vendor\\juzaweb\\cms\\src\\Exceptions\\Handler.php(64): Illuminate\\Foundation\\Exceptions\\Handler->render(Object(Illuminate\\Http\\Request), Object(InvalidArgumentException))
#21 C:\\wamp64\\www\\github\\CreatePhoto\\vendor\\laravel\\framework\\src\\Illuminate\\Foundation\\Http\\Kernel.php(420): Juzaweb\\Exceptions\\Handler->render(Object(Illuminate\\Http\\Request), Object(InvalidArgumentException))
#22 C:\\wamp64\\www\\github\\CreatePhoto\\vendor\\laravel\\framework\\src\\Illuminate\\Foundation\\Http\\Kernel.php(114): Illuminate\\Foundation\\Http\\Kernel->renderException(Object(Illuminate\\Http\\Request), Object(InvalidArgumentException))
#23 C:\\wamp64\\www\\github\\CreatePhoto\\public\\index.php(70): Illuminate\\Foundation\\Http\\Kernel->handle(Object(Illuminate\\Http\\Request))
#24 C:\\wamp64\\www\\github\\CreatePhoto\\server.php(24): require_once('C:\\\\wamp64\\\\www\\\\g...')
#25 {main}

[previous exception] [object] (ReflectionException(code: -1): Class translator does not exist at C:\\wamp64\\www\\github\\CreatePhoto\\vendor\\laravel\\framework\\src\\Illuminate\\Container\\Container.php:803)
[stacktrace]
#0 C:\\wamp64\\www\\github\\CreatePhoto\\vendor\\laravel\\framework\\src\\Illuminate\\Container\\Container.php(803): ReflectionClass->__construct('translator')
#1 C:\\wamp64\\www\\github\\CreatePhoto\\vendor\\laravel\\framework\\src\\Illuminate\\Container\\Container.php(681): Illuminate\\Container\\Container->build('translator')
#2 C:\\wamp64\\www\\github\\CreatePhoto\\vendor\\laravel\\framework\\src\\Illuminate\\Foundation\\Application.php(785): Illuminate\\Container\\Container->resolve('translator', Array, true)
#3 C:\\wamp64\\www\\github\\CreatePhoto\\vendor\\laravel\\framework\\src\\Illuminate\\Container\\Container.php(629): Illuminate\\Foundation\\Application->resolve('translator', Array)
#4 C:\\wamp64\\www\\github\\CreatePhoto\\vendor\\laravel\\framework\\src\\Illuminate\\Foundation\\Application.php(770): Illuminate\\Container\\Container->make('translator', Array)
#5 C:\\wamp64\\www\\github\\CreatePhoto\\vendor\\laravel\\framework\\src\\Illuminate\\Foundation\\helpers.php(120): Illuminate\\Foundation\\Application->make('translator', Array)
#6 C:\\wamp64\\www\\github\\CreatePhoto\\vendor\\laravel\\framework\\src\\Illuminate\\Foundation\\helpers.php(873): app('translator')
#7 C:\\wamp64\\www\\github\\CreatePhoto\\vendor\\laravel\\framework\\src\\Illuminate\\Foundation\\helpers.php(908): trans('Server Error', Array, NULL)
#8 C:\\wamp64\\www\\github\\CreatePhoto\\storage\\framework\\views\\7ad9b122927dde3b692b6a55ecd27b3bbe1a3557.php(1): __('Server Error')
#9 C:\\wamp64\\www\\github\\CreatePhoto\\vendor\\laravel\\framework\\src\\Illuminate\\View\\Engines\\PhpEngine.php(43): include('C:\\\\wamp64\\\\www\\\\g...')
#10 C:\\wamp64\\www\\github\\CreatePhoto\\vendor\\laravel\\framework\\src\\Illuminate\\View\\Engines\\CompilerEngine.php(59): Illuminate\\View\\Engines\\PhpEngine->evaluatePath('C:\\\\wamp64\\\\www\\\\g...', Array)
#11 C:\\wamp64\\www\\github\\CreatePhoto\\vendor\\laravel\\framework\\src\\Illuminate\\View\\View.php(143): Illuminate\\View\\Engines\\CompilerEngine->get('C:\\\\wamp64\\\\www\\\\g...', Array)
#12 C:\\wamp64\\www\\github\\CreatePhoto\\vendor\\laravel\\framework\\src\\Illuminate\\View\\View.php(126): Illuminate\\View\\View->getContents()
#13 C:\\wamp64\\www\\github\\CreatePhoto\\vendor\\laravel\\framework\\src\\Illuminate\\View\\View.php(91): Illuminate\\View\\View->renderContents()
#14 C:\\wamp64\\www\\github\\CreatePhoto\\vendor\\laravel\\framework\\src\\Illuminate\\Http\\Response.php(42): Illuminate\\View\\View->render()
#15 C:\\wamp64\\www\\github\\CreatePhoto\\vendor\\symfony\\http-foundation\\Response.php(205): Illuminate\\Http\\Response->setContent(Object(Illuminate\\View\\View))
#16 C:\\wamp64\\www\\github\\CreatePhoto\\vendor\\laravel\\framework\\src\\Illuminate\\Routing\\ResponseFactory.php(55): Symfony\\Component\\HttpFoundation\\Response->__construct(Object(Illuminate\\View\\View), 500, Array)
#17 C:\\wamp64\\www\\github\\CreatePhoto\\vendor\\laravel\\framework\\src\\Illuminate\\Routing\\ResponseFactory.php(85): Illuminate\\Routing\\ResponseFactory->make(Object(Illuminate\\View\\View), 500, Array)
#18 C:\\wamp64\\www\\github\\CreatePhoto\\vendor\\laravel\\framework\\src\\Illuminate\\Foundation\\Exceptions\\Handler.php(410): Illuminate\\Routing\\ResponseFactory->view('errors::500', Array, 500, Array)
#19 C:\\wamp64\\www\\github\\CreatePhoto\\vendor\\laravel\\framework\\src\\Illuminate\\Foundation\\Exceptions\\Handler.php(315): Illuminate\\Foundation\\Exceptions\\Handler->renderHttpException(Object(Symfony\\Component\\HttpKernel\\Exception\\HttpException))
#20 C:\\wamp64\\www\\github\\CreatePhoto\\vendor\\laravel\\framework\\src\\Illuminate\\Foundation\\Exceptions\\Handler.php(212): Illuminate\\Foundation\\Exceptions\\Handler->prepareResponse(Object(Illuminate\\Http\\Request), Object(Symfony\\Component\\HttpKernel\\Exception\\HttpException))
#21 C:\\wamp64\\www\\github\\CreatePhoto\\vendor\\juzaweb\\cms\\src\\Exceptions\\Handler.php(64): Illuminate\\Foundation\\Exceptions\\Handler->render(Object(Illuminate\\Http\\Request), Object(InvalidArgumentException))
#22 C:\\wamp64\\www\\github\\CreatePhoto\\vendor\\laravel\\framework\\src\\Illuminate\\Foundation\\Http\\Kernel.php(420): Juzaweb\\Exceptions\\Handler->render(Object(Illuminate\\Http\\Request), Object(InvalidArgumentException))
#23 C:\\wamp64\\www\\github\\CreatePhoto\\vendor\\laravel\\framework\\src\\Illuminate\\Foundation\\Http\\Kernel.php(114): Illuminate\\Foundation\\Http\\Kernel->renderException(Object(Illuminate\\Http\\Request), Object(InvalidArgumentException))
#24 C:\\wamp64\\www\\github\\CreatePhoto\\public\\index.php(70): Illuminate\\Foundation\\Http\\Kernel->handle(Object(Illuminate\\Http\\Request))
#25 C:\\wamp64\\www\\github\\CreatePhoto\\server.php(24): require_once('C:\\\\wamp64\\\\www\\\\g...')
#26 {main}
"} 
[2022-03-25 07:57:43] production.ERROR: Uncaught ReflectionException: Class translator does not exist in C:\wamp64\www\github\CreatePhoto\vendor\laravel\framework\src\Illuminate\Container\Container.php:803
Stack trace:
#0 C:\wamp64\www\github\CreatePhoto\vendor\laravel\framework\src\Illuminate\Container\Container.php(803): ReflectionClass->__construct('translator')
#1 C:\wamp64\www\github\CreatePhoto\vendor\laravel\framework\src\Illuminate\Container\Container.php(681): Illuminate\Container\Container->build('translator')
#2 C:\wamp64\www\github\CreatePhoto\vendor\laravel\framework\src\Illuminate\Foundation\Application.php(785): Illuminate\Container\Container->resolve('translator', Array, true)
#3 C:\wamp64\www\github\CreatePhoto\vendor\laravel\framework\src\Illuminate\Container\Container.php(629): Illuminate\Foundation\Application->resolve('translator', Array)
#4 C:\wamp64\www\github\CreatePhoto\vendor\laravel\framework\src\Illuminate\Foundation\Application.php(770): Illuminate\Container\Container->make('translator', Array)
#5 C:\wamp64\www\github\C {"exception":"[object] (Symfony\\Component\\Debug\\Exception\\FatalErrorException(code: 1): Uncaught ReflectionException: Class translator does not exist in C:\\wamp64\\www\\github\\CreatePhoto\\vendor\\laravel\\framework\\src\\Illuminate\\Container\\Container.php:803
Stack trace:
#0 C:\\wamp64\\www\\github\\CreatePhoto\\vendor\\laravel\\framework\\src\\Illuminate\\Container\\Container.php(803): ReflectionClass->__construct('translator')
#1 C:\\wamp64\\www\\github\\CreatePhoto\\vendor\\laravel\\framework\\src\\Illuminate\\Container\\Container.php(681): Illuminate\\Container\\Container->build('translator')
#2 C:\\wamp64\\www\\github\\CreatePhoto\\vendor\\laravel\\framework\\src\\Illuminate\\Foundation\\Application.php(785): Illuminate\\Container\\Container->resolve('translator', Array, true)
#3 C:\\wamp64\\www\\github\\CreatePhoto\\vendor\\laravel\\framework\\src\\Illuminate\\Container\\Container.php(629): Illuminate\\Foundation\\Application->resolve('translator', Array)
#4 C:\\wamp64\\www\\github\\CreatePhoto\\vendor\\laravel\\framework\\src\\Illuminate\\Foundation\\Application.php(770): Illuminate\\Container\\Container->make('translator', Array)
#5 C:\\wamp64\\www\\github\\C at C:\\wamp64\\www\\github\\CreatePhoto\\vendor\\laravel\\framework\\src\\Illuminate\\Container\\Container.php:805)
[stacktrace]
#0 {main}
"} 
